  common.cpp
  main.cpp
main.cpp(1): fatal error C1083: Cannot open include file: 'opencv2/imgproc.hpp': No such file or directory
  model.cpp
c:\git\animation\facialmodeling\facialmodeling\tgaimage.h(27): warning C4351: new behavior: elements of array 'TGAColor::bgra' will be default initialized
c:\git\animation\facialmodeling\facialmodeling\tgaimage.h(31): warning C4351: new behavior: elements of array 'TGAColor::bgra' will be default initialized
c:\git\animation\facialmodeling\facialmodeling\tgaimage.h(38): warning C4351: new behavior: elements of array 'TGAColor::bgra' will be default initialized
c:\git\animation\facialmodeling\facialmodeling\tgaimage.h(44): warning C4351: new behavior: elements of array 'TGAColor::bgra' will be default initialized
c:\git\animation\facialmodeling\facialmodeling\tgaimage.h(58): warning C4244: '=' : conversion from 'float' to 'unsigned char', possible loss of data
model.cpp(114): warning C4244: 'argument' : conversion from 'float' to 'const int', possible loss of data
model.cpp(123): warning C4244: 'argument' : conversion from 'float' to 'unsigned int', possible loss of data
model.cpp(127): warning C4244: 'argument' : conversion from 'float' to 'unsigned int', possible loss of data
model.cpp(143): warning C4244: 'argument' : conversion from 'GLfloat' to 'int', possible loss of data
model.cpp(149): warning C4244: 'argument' : conversion from 'GLfloat' to 'int', possible loss of data
model.cpp(157): warning C4244: 'argument' : conversion from 'float' to 'unsigned int', possible loss of data
model.cpp(163): warning C4244: 'argument' : conversion from 'GLfloat' to 'int', possible loss of data
model.cpp(167): warning C4244: 'initializing' : conversion from 'float' to 'int', possible loss of data
  tgaimage.cpp
c:\git\animation\facialmodeling\facialmodeling\tgaimage.h(27): warning C4351: new behavior: elements of array 'TGAColor::bgra' will be default initialized
c:\git\animation\facialmodeling\facialmodeling\tgaimage.h(31): warning C4351: new behavior: elements of array 'TGAColor::bgra' will be default initialized
c:\git\animation\facialmodeling\facialmodeling\tgaimage.h(38): warning C4351: new behavior: elements of array 'TGAColor::bgra' will be default initialized
c:\git\animation\facialmodeling\facialmodeling\tgaimage.h(44): warning C4351: new behavior: elements of array 'TGAColor::bgra' will be default initialized
c:\git\animation\facialmodeling\facialmodeling\tgaimage.h(58): warning C4244: '=' : conversion from 'float' to 'unsigned char', possible loss of data
